<?xml version="1.0" encoding="UTF-8"?>
<!-- Generated by org.testng.reporters.JUnitReportReporter -->
<testsuite hostname="eIbrahim67" failures="0" tests="1" name="testAppetize.CombinedTest" time="23.831" errors="0" timestamp="2024-12-22T20:30:33 EET" skipped="0">
  <testcase classname="testAppetize.CombinedTest" name="test" time="23.831"/>
  <system-out/>
</testsuite> <!-- testAppetize.CombinedTest -->
