<?xml version="1.0" encoding="UTF-8"?>
<!-- Generated by org.testng.reporters.JUnitReportReporter -->
<testsuite hostname="eIbrahim67" failures="0" tests="1" name="testAppetize.TestUploadedApk" time="36.811" errors="0" timestamp="2024-12-22T19:41:50 EET" skipped="0">
  <testcase classname="testAppetize.TestUploadedApk" name="test" time="36.811"/>
  <system-out/>
</testsuite> <!-- testAppetize.TestUploadedApk -->
