<?xml version="1.0" encoding="UTF-8"?>
<!-- Generated by org.testng.reporters.JUnitReportReporter -->
<testsuite hostname="eIbrahim67" failures="0" tests="2" name="testAppetize.AppetizeTest" time="13.451" errors="0" timestamp="2024-12-22T19:28:32 EET" skipped="0">
  <testcase classname="testAppetize.AppetizeTest" name="testLogin" time="8.239"/>
  <system-out/>
  <testcase classname="testAppetize.AppetizeTest" name="testUploadApk" time="5.212"/>
  <system-out/>
</testsuite> <!-- testAppetize.AppetizeTest -->
