<?xml version="1.0" encoding="UTF-8"?>
<!-- Generated by org.testng.reporters.JUnitReportReporter -->
<testsuite hostname="eIbrahim67" failures="0" tests="3" name="testAppetize.NewTest" time="0.012" errors="0" timestamp="2024-12-22T18:04:46 EET" skipped="0">
  <testcase classname="testAppetize.NewTest" name="f" time="0.009"/>
  <system-out/>
  <testcase classname="testAppetize.NewTest" name="g" time="0.002"/>
  <system-out/>
  <testcase classname="testAppetize.NewTest" name="h" time="0.001"/>
  <system-out/>
</testsuite> <!-- testAppetize.NewTest -->
