<?xml version="1.0" encoding="UTF-8"?>
<!-- Generated by org.testng.reporters.JUnitReportReporter -->
<testsuite hostname="eIbrahim67" failures="0" tests="1" name="testAppetize.TestUploadApk" time="23.090" errors="0" timestamp="2024-12-22T19:33:27 EET" skipped="0">
  <testcase classname="testAppetize.TestUploadApk" name="test" time="23.090"/>
  <system-out/>
</testsuite> <!-- testAppetize.TestUploadApk -->
