<?xml version="1.0" encoding="UTF-8"?>
<!-- Generated by org.testng.reporters.JUnitReportReporter -->
<testsuite hostname="eIbrahim67" failures="0" tests="1" name="testAppetize.TestLogin" time="8.045" errors="0" timestamp="2024-12-22T19:32:45 EET" skipped="0">
  <testcase classname="testAppetize.TestLogin" name="test" time="8.045"/>
  <system-out/>
</testsuite> <!-- testAppetize.TestLogin -->
