<?xml version="1.0" encoding="UTF-8"?>
<!-- Generated by org.testng.reporters.JUnitReportReporter -->
<testsuite hostname="eIbrahim67" failures="0" tests="1" name="testAppetize.TestWebButtons" time="14.480" errors="0" timestamp="2024-12-22T19:50:34 EET" skipped="0">
  <testcase classname="testAppetize.TestWebButtons" name="test" time="14.480"/>
  <system-out/>
</testsuite> <!-- testAppetize.TestWebButtons -->
