<?xml version="1.0" encoding="UTF-8"?>
<!-- Generated by org.testng.reporters.JUnitReportReporter -->
<testsuite hostname="eIbrahim67" failures="0" tests="1" name="testAppetize.TestDeleteUploadedApk" time="23.714" errors="0" timestamp="2024-12-23T12:39:08 EET" skipped="0">
  <testcase classname="testAppetize.TestDeleteUploadedApk" name="test" time="23.714"/>
  <system-out/>
</testsuite> <!-- testAppetize.TestDeleteUploadedApk -->
